<?xml version="1.0" encoding="UTF-8"?>
<testng-results ignored="0" total="2" passed="2" failed="0" skipped="0">
  <reporter-output>
  </reporter-output>
  <suite started-at="2024-12-12T17:25:43 IST" name="Suite" finished-at="2024-12-12T17:25:48 IST" duration-ms="4346">
    <groups>
    </groups>
    <test started-at="2024-12-12T17:25:43 IST" name="Test" finished-at="2024-12-12T17:25:48 IST" duration-ms="4346">
      <class name="CICD.CICD.Test1">
        <test-method signature="launchBrowser(java.lang.String)[pri:0, instance:CICD.CICD.Test1@50378a4]" started-at="2024-12-12T17:25:43 IST" name="launchBrowser" finished-at="2024-12-12T17:25:47 IST" duration-ms="4023" status="PASS">
          <params>
            <param index="0">
              <value>
                <![CDATA[chrome@#https://www.google.com/]]>
              </value>
            </param>
          </params>
          <reporter-output>
          </reporter-output>
        </test-method> <!-- launchBrowser -->
        <test-method signature="exit()[pri:0, instance:CICD.CICD.Test1@50378a4]" started-at="2024-12-12T17:25:47 IST" name="exit" finished-at="2024-12-12T17:25:48 IST" duration-ms="236" status="PASS">
          <reporter-output>
          </reporter-output>
        </test-method> <!-- exit -->
      </class> <!-- CICD.CICD.Test1 -->
    </test> <!-- Test -->
  </suite> <!-- Suite -->
</testng-results>
